<?xml version="1.0" encoding="UTF-8"?>
<!-- Generated by org.testng.reporters.JUnitReportReporter -->
<testsuite hostname="INT-QECORE-075" failures="0" tests="1" name="tests.ExcelDataTest" time="1.638" errors="0" timestamp="2025-03-12T13:12:31 IST" skipped="0">
  <testcase classname="tests.ExcelDataTest" name="testReadAndFillPatientForm" time="1.638"/>
  <system-out/>
</testsuite> <!-- tests.ExcelDataTest -->
