<?xml version="1.0" encoding="UTF-8"?>
<!-- Generated by org.testng.reporters.JUnitReportReporter -->
<testsuite hostname="INT-QECORE-075" failures="0" tests="1" name="tests.AutomationPracticeFormTest" time="0.781" errors="0" timestamp="2025-03-12T13:12:31 IST" skipped="0">
  <testcase classname="tests.AutomationPracticeFormTest" name="testFormSubmission" time="0.781"/>
  <system-out/>
</testsuite> <!-- tests.AutomationPracticeFormTest -->
